2025-10-29 17:19:45,852 - __main__ - INFO - Running GridSearchCV for model: LogisticRegression
2025-10-29 17:24:14,466 - __main__ - INFO - Running GridSearchCV for model: LogisticRegression
2025-10-29 17:24:17,258 - __main__ - INFO - Best parameters for LogisticRegression: 0.7529411764705882
2025-10-29 17:24:22,791 - __main__ - INFO - Running GridSearchCV for model: RandomForest
2025-10-29 17:24:24,960 - __main__ - INFO - Best parameters for RandomForest: 0.711764705882353
2025-11-08 19:23:47,384 - ModelComparison - INFO - ✅ MLflow server started at http://127.0.0.1:5000
2025-11-08 19:23:47,388 - ModelComparison - INFO - Running GridSearchCV for model: LogisticRegression
2025-11-08 19:23:56,676 - ModelComparison - INFO - Best parameters for LogisticRegression: 0.8
2025-11-08 19:24:18,498 - ModelComparison - INFO - Model LogisticRegression logged in MLflow with run ID: 07d8d7e00ea547ee9e344b785a43384c
2025-11-08 19:24:18,527 - ModelComparison - INFO - Running GridSearchCV for model: RandomForest
2025-11-08 19:24:38,731 - ModelComparison - INFO - Best parameters for RandomForest: 0.8529411764705882
2025-11-08 19:26:13,008 - ModelComparison - INFO - ✅ MLflow server started at http://127.0.0.1:5000
2025-11-08 19:26:13,011 - ModelComparison - INFO - Running GridSearchCV for model: LogisticRegression
2025-11-08 19:26:18,756 - ModelComparison - INFO - Best parameters for LogisticRegression: 0.8
2025-11-08 19:26:41,194 - ModelComparison - INFO - Model LogisticRegression logged in MLflow with run ID: 07eed4688ac14608b8edee60c3994c06
2025-11-08 19:26:41,211 - ModelComparison - INFO - Running GridSearchCV for model: RandomForest
2025-11-08 19:27:00,452 - ModelComparison - INFO - Best parameters for RandomForest: 0.8529411764705882
2025-11-08 19:27:06,997 - ModelComparison - INFO - Model RandomForest logged in MLflow with run ID: fdf3c1c279124aa6b7714383479f7159
2025-11-08 19:27:07,040 - ModelComparison - INFO - Model comparison experiments completed.
2025-11-08 19:27:07,041 - ModelComparison - INFO - MLflow server terminated.
2025-11-13 17:39:17,315 - ModelComparison - INFO - ✅ MLflow server started at http://127.0.0.1:5000
2025-11-13 17:39:17,318 - ModelComparison - INFO - Running GridSearchCV for model: LogisticRegression
2025-11-13 17:39:21,778 - ModelComparison - INFO - Best parameters for LogisticRegression: 0.8
2025-11-13 17:39:39,911 - ModelComparison - INFO - Model LogisticRegression logged in MLflow with run ID: ff30fffa29bd40b38408ce2aa09b1837
2025-11-13 17:39:39,925 - ModelComparison - INFO - Running GridSearchCV for model: RandomForest
2025-11-13 17:39:50,290 - ModelComparison - INFO - Best parameters for RandomForest: 0.8529411764705882
2025-11-13 17:39:53,284 - ModelComparison - INFO - Model RandomForest logged in MLflow with run ID: d4f7b33401d64cbdb4e6ecec34cd5d27
2025-11-13 17:39:53,312 - ModelComparison - INFO - Model comparison experiments completed.
2025-11-13 17:39:53,312 - ModelComparison - INFO - MLflow server terminated.
2025-11-13 18:44:54,078 - ModelComparison - INFO - ✅ MLflow server started at http://127.0.0.1:5000
2025-11-13 18:44:54,083 - ModelComparison - INFO - Running GridSearchCV for model: LogisticRegression
2025-11-13 18:44:59,975 - ModelComparison - ERROR - An error occurred: could not convert string to float: 'MEDIUM'
2025-11-13 18:57:18,587 - ModelComparison - INFO - ✅ MLflow server started at http://127.0.0.1:5000
2025-11-13 18:57:18,590 - ModelComparison - INFO - Running GridSearchCV for model: LogisticRegression
2025-11-13 18:57:23,662 - ModelComparison - INFO - Best parameters for LogisticRegression: 0.7979308656482571
2025-11-13 18:57:45,802 - ModelComparison - INFO - Model LogisticRegression logged in MLflow with run ID: 3c88a936edc14ec99fa2a86f3c02da23
2025-11-13 18:57:45,821 - ModelComparison - INFO - Running GridSearchCV for model: RandomForest
2025-11-13 18:57:59,182 - ModelComparison - INFO - Best parameters for RandomForest: 0.8504734337438061
2025-11-13 18:58:06,201 - ModelComparison - INFO - Model RandomForest logged in MLflow with run ID: cf3edc4b6bc5414ebd4749d00dd27945
2025-11-13 18:58:06,240 - ModelComparison - INFO - Model comparison experiments completed.
2025-11-13 18:58:06,241 - ModelComparison - INFO - MLflow server terminated.
2025-11-13 19:13:06,301 - ModelComparison - INFO - ✅ MLflow server started at http://127.0.0.1:5000
2025-11-13 19:13:06,303 - ModelComparison - INFO - Running GridSearchCV for model: LogisticRegression
2025-11-13 19:13:10,291 - ModelComparison - INFO - Best parameters for LogisticRegression: 0.7979308656482571
2025-11-13 19:13:25,363 - ModelComparison - INFO - Model LogisticRegression logged in MLflow with run ID: 10a4e5975b88456a8b8fdf2dc3da160c
2025-11-13 19:13:25,391 - ModelComparison - INFO - Running GridSearchCV for model: RandomForest
2025-11-13 19:13:39,085 - ModelComparison - INFO - Best parameters for RandomForest: 0.8504734337438061
2025-11-13 19:22:55,895 - ModelComparison - INFO - ✅ MLflow server started at http://127.0.0.1:5000
2025-11-13 19:22:55,898 - ModelComparison - INFO - Running GridSearchCV for model: LogisticRegression
2025-11-13 19:23:01,006 - ModelComparison - INFO - Best parameters for LogisticRegression: 0.7979308656482571
2025-11-13 19:23:22,601 - ModelComparison - INFO - Model LogisticRegression logged in MLflow with run ID: 326d0a2529bb4441bd87cc6839e72ab0
2025-11-13 19:23:22,617 - ModelComparison - INFO - Running GridSearchCV for model: RandomForest
2025-11-13 19:23:45,829 - ModelComparison - INFO - Best parameters for RandomForest: 0.8504734337438061
2025-11-13 19:23:52,480 - ModelComparison - INFO - Model RandomForest logged in MLflow with run ID: 9afb76dce9254e53a2711f24d381f2d5
2025-11-13 19:23:52,627 - ModelComparison - INFO - Model comparison experiments completed.
2025-11-13 19:23:52,627 - ModelComparison - INFO - MLflow server terminated.
2025-11-13 19:23:52,750 - ModelComparison - INFO - Experiment names in LaHolandaPerformance are: []
2025-11-14 07:50:17,098 - ModelComparison - INFO - ✅ MLflow server started at http://127.0.0.1:5000
2025-11-14 07:50:17,105 - ModelComparison - INFO - Running GridSearchCV for model: LogisticRegression
2025-11-14 07:50:20,376 - ModelComparison - INFO - Best parameters for LogisticRegression: 0.7979308656482571
2025-11-14 07:50:24,406 - ModelComparison - INFO - Model LogisticRegression logged in MLflow with run ID: f31ba70b42b249f3b93cd002d31bd96c
2025-11-14 07:50:24,418 - ModelComparison - INFO - Running GridSearchCV for model: RandomForest
2025-11-14 07:50:35,659 - ModelComparison - INFO - Best parameters for RandomForest: 0.8504734337438061
2025-11-14 07:50:37,541 - ModelComparison - INFO - Model RandomForest logged in MLflow with run ID: 229b94e7eee7469aa027a96307802a24
2025-11-14 07:50:37,553 - ModelComparison - INFO - Model comparison experiments completed.
2025-11-14 07:50:37,553 - ModelComparison - INFO - MLflow server terminated.
2025-11-14 07:50:37,567 - ModelComparison - INFO - Experiment names in LaHolandaPerformance are: []
2025-11-14 10:22:17,474 - ModelComparison - INFO - ✅ MLflow server started at http://127.0.0.1:5000
2025-11-14 10:22:17,477 - ModelComparison - INFO - Running GridSearchCV for model: LogisticRegression
2025-11-14 10:22:21,644 - ModelComparison - INFO - Best parameters for LogisticRegression: 0.7979308656482571
2025-11-14 10:22:32,211 - ModelComparison - INFO - Model LogisticRegression logged in MLflow with run ID: bae2d76377c74385844073f3ef9c0782
2025-11-14 10:22:32,225 - ModelComparison - INFO - Running GridSearchCV for model: RandomForest
2025-11-14 10:22:45,345 - ModelComparison - INFO - Best parameters for RandomForest: 0.8504734337438061
2025-11-14 10:22:48,876 - ModelComparison - INFO - Model RandomForest logged in MLflow with run ID: 26f304f7f5e540a68f5b5794b2ae57f1
2025-11-14 10:22:48,895 - ModelComparison - INFO - Model comparison experiments completed.
2025-11-14 10:22:48,895 - ModelComparison - INFO - MLflow server terminated.
2025-11-14 10:22:48,932 - ModelComparison - INFO - Experiment names in LaHolandaPerformance are: []
2025-11-14 10:40:41,007 - ModelComparison - INFO - ✅ MLflow server started at http://127.0.0.1:5000
2025-11-14 10:40:41,009 - ModelComparison - INFO - Running GridSearchCV for model: LogisticRegression
2025-11-14 10:40:44,227 - ModelComparison - INFO - Best parameters for LogisticRegression: 0.7979308656482571
2025-11-14 10:40:58,720 - ModelComparison - INFO - Model LogisticRegression logged in MLflow with run ID: 6f94c7add2f4439fa434c2f0c642555e
2025-11-14 10:40:58,784 - ModelComparison - INFO - Running GridSearchCV for model: RandomForest
2025-11-14 10:41:11,787 - ModelComparison - INFO - Best parameters for RandomForest: 0.8504734337438061
2025-11-14 10:41:15,643 - ModelComparison - INFO - Model RandomForest logged in MLflow with run ID: 5bad6e7cbf3f439d9913f161f6425b2e
2025-11-14 10:41:15,691 - ModelComparison - INFO - Model comparison experiments completed.
2025-11-14 10:41:15,691 - ModelComparison - INFO - MLflow server terminated.
2025-11-14 17:34:08,485 - ModelComparison - INFO - ✅ MLflow server started at http://127.0.0.1:5000
2025-11-14 17:34:08,490 - ModelComparison - INFO - Running GridSearchCV for model: LogisticRegression
2025-11-14 17:34:15,786 - ModelComparison - INFO - Best parameters for LogisticRegression: 0.7979308656482571
2025-11-14 17:34:21,844 - ModelComparison - INFO - Model LogisticRegression logged in MLflow with run ID: 9df5072726564fe8b5703a5ddd2ada57
2025-11-14 17:34:21,879 - ModelComparison - INFO - Running GridSearchCV for model: RandomForest
2025-11-14 17:34:37,735 - ModelComparison - INFO - Best parameters for RandomForest: 0.8504734337438061
2025-11-14 17:34:44,523 - ModelComparison - INFO - Model RandomForest logged in MLflow with run ID: d892b7a987634a78bff01c02522203c5
2025-11-14 17:34:44,577 - ModelComparison - INFO - Model comparison experiments completed.
2025-11-14 17:34:44,578 - ModelComparison - INFO - MLflow server terminated.
2025-11-14 19:55:33,735 - ModelComparison - INFO - ✅ MLflow server started at http://127.0.0.1:5000
2025-11-14 19:55:33,852 - ModelComparison - INFO - Running GridSearchCV for model: LogisticRegression
2025-11-14 19:55:38,614 - ModelComparison - INFO - Best parameters for LogisticRegression: 0.7979308656482571
2025-11-14 19:55:58,032 - ModelComparison - INFO - Model LogisticRegression logged in MLflow with run ID: 0ef04bdfafe34d0ea7a1dcb502003092
2025-11-14 19:55:58,068 - ModelComparison - INFO - Running GridSearchCV for model: RandomForest
2025-11-14 19:56:12,533 - ModelComparison - INFO - Best parameters for RandomForest: 0.8504734337438061
2025-11-14 19:56:16,642 - ModelComparison - INFO - Model RandomForest logged in MLflow with run ID: 63086e425f4a43b8bf2701ab21d404fc
2025-11-14 19:56:16,693 - ModelComparison - INFO - Model comparison experiments completed.
2025-11-14 19:56:16,694 - ModelComparison - INFO - MLflow server terminated.
2025-11-14 22:31:35,020 - ModelComparison - INFO - ✅ MLflow server started at http://127.0.0.1:5000
2025-11-14 22:31:35,203 - ModelComparison - INFO - Running GridSearchCV for model: LogisticRegression
2025-11-14 22:31:41,254 - ModelComparison - INFO - Best parameters for LogisticRegression: 0.7979308656482571
2025-11-14 22:31:42,800 - ModelComparison - ERROR - An error occurred: Cannot set a deleted experiment 'LaHolandaPerformance' as the active experiment. You can restore the experiment, or permanently delete the experiment to create a new one.
2025-11-14 22:39:21,870 - ModelComparison - INFO - ✅ MLflow server started at http://127.0.0.1:5000
2025-11-14 22:39:22,622 - ModelComparison - INFO - Running GridSearchCV for model: LogisticRegression
2025-11-14 22:39:44,853 - ModelComparison - INFO - Best parameters for LogisticRegression: 0.7979308656482571
2025-11-14 22:39:46,024 - ModelComparison - ERROR - An error occurred: Cannot set a deleted experiment 'LaHolandaPerformance' as the active experiment. You can restore the experiment, or permanently delete the experiment to create a new one.
2025-11-14 22:47:50,842 - ModelComparison - INFO - ✅ MLflow server started at http://127.0.0.1:5000
2025-11-14 22:47:51,808 - ModelComparison - INFO - Restored deleted experiment: LaHolandaPerformance
2025-11-14 22:47:51,974 - ModelComparison - INFO - Running GridSearchCV for model: LogisticRegression
2025-11-14 22:47:58,768 - ModelComparison - INFO - Best parameters for LogisticRegression: 0.7979308656482571
2025-11-14 22:48:09,112 - ModelComparison - INFO - Model LogisticRegression logged in MLflow with run ID: bed8080bc3274a0cb86778ea85894f50
2025-11-14 22:48:09,166 - ModelComparison - INFO - Running GridSearchCV for model: RandomForest
2025-11-14 22:48:30,084 - ModelComparison - INFO - Best parameters for RandomForest: 0.8504734337438061
2025-11-14 22:48:36,546 - ModelComparison - INFO - Model RandomForest logged in MLflow with run ID: c12db3c58bfb4520a2589092ce78f656
2025-11-14 22:48:36,590 - ModelComparison - INFO - Model comparison experiments completed.
2025-11-14 22:48:36,590 - ModelComparison - INFO - MLflow server terminated.
2025-11-14 22:51:30,754 - ModelComparison - INFO - ✅ MLflow server started at http://127.0.0.1:5000
2025-11-14 22:51:31,514 - ModelComparison - INFO - Running GridSearchCV for model: LogisticRegression
2025-11-14 22:51:34,487 - ModelComparison - INFO - Best parameters for LogisticRegression: 0.7979308656482571
2025-11-14 22:51:40,746 - ModelComparison - INFO - Model LogisticRegression logged in MLflow with run ID: ae1b2ca47a1e49768f2e9021a6a917a4
2025-11-14 22:51:40,765 - ModelComparison - INFO - Running GridSearchCV for model: RandomForest
2025-11-14 22:51:54,240 - ModelComparison - INFO - Best parameters for RandomForest: 0.8504734337438061
2025-11-14 22:52:00,144 - ModelComparison - INFO - Model RandomForest logged in MLflow with run ID: 5c2961b7a6254557bb5d35d757c17982
2025-11-14 22:52:00,166 - ModelComparison - INFO - Model comparison experiments completed.
2025-11-14 22:52:00,167 - ModelComparison - INFO - MLflow server terminated.
2025-11-14 22:57:18,796 - ModelComparison - INFO - ✅ MLflow server started at http://127.0.0.1:5000
2025-11-14 22:57:19,548 - ModelComparison - INFO - Running GridSearchCV for model: LogisticRegression
2025-11-14 22:57:25,921 - ModelComparison - INFO - Best parameters for LogisticRegression: 0.7979308656482571
2025-11-14 22:57:33,163 - ModelComparison - INFO - Model LogisticRegression logged in MLflow with run ID: 424d199b655b473f8abfbd301ba49b22
2025-11-14 22:57:33,186 - ModelComparison - INFO - Running GridSearchCV for model: RandomForest
2025-11-14 22:57:45,382 - ModelComparison - INFO - Best parameters for RandomForest: 0.8504734337438061
2025-11-14 22:57:50,284 - ModelComparison - INFO - Model RandomForest logged in MLflow with run ID: dd22c4da4f704571aac57b62a60e610b
2025-11-14 22:57:50,304 - ModelComparison - INFO - Model comparison experiments completed.
2025-11-14 22:57:50,305 - ModelComparison - INFO - MLflow server terminated.
2025-11-14 23:09:17,639 - ModelComparison - INFO - ✅ MLflow server started at http://127.0.0.1:5000
2025-11-14 23:09:23,637 - ModelComparison - INFO - Running GridSearchCV for model: LogisticRegression
2025-11-14 23:09:28,890 - ModelComparison - INFO - Best parameters for LogisticRegression: 0.7979308656482571
2025-11-14 23:09:42,601 - ModelComparison - INFO - Model LogisticRegression logged in MLflow with run ID: 08765c35310f4e78bd315b0a51066ecd
2025-11-14 23:09:42,633 - ModelComparison - INFO - Running GridSearchCV for model: RandomForest
2025-11-14 23:09:59,411 - ModelComparison - INFO - Best parameters for RandomForest: 0.8504734337438061
2025-11-14 23:10:04,804 - ModelComparison - INFO - Model RandomForest logged in MLflow with run ID: 3ce6c0dd0ea6403ab4be5ae3e130f7ba
2025-11-14 23:10:04,849 - ModelComparison - INFO - Model comparison experiments completed.
2025-11-14 23:10:04,849 - ModelComparison - INFO - MLflow server terminated.
