2025-09-21 19:09:15,014 - INFO -                                   0  1  2  3  4   ... 19 20  21 22 23
AGUILERA LOPEZ BREYNER SANTIAGO  NaN  S  A  A  A  ...  0  0   0  0  0
AMASO GARCIA YADI MILARIS        NaN  B  B  A  B  ...  0  0   0  0  0
BELTRAN VARON JHON ALEJANDRO     NaN  A  A  A  A  ...  0  0   0  0  0
BONILLA LOPEZ ANDRES FELIPE      NaN  B  B  A  B  ...  0  0   1  0  0
BRICEÑO MARTINEZ SERGIO ANDRES   NaN  A  A  A  A  ...  1  1   0  0  0
ESPINOSA VACA DILAN FERNADO      NaN  A  B  A  B  ...  1  0   0  0  0
FAJARDO VALERO JUAN DIEGO        NaN  B  B  B  B  ...  0  0   0  0  0
FORERO MONCADA SHARON JULIANA    NaN  B  B  A  B  ...  0  0   4  0  0
FRANCO PARRA LAURA VALENTINA     NaN  A  B  A  A  ...  0  0   0  0  0
GARCIA ORTIZ JAIDER ANDRES       NaN  B  B  B  B  ...  0  0   1  1  0
GOMEZ OCHOA YEREMY JULIAN        NaN  B  B  A  A  ...  0  0   0  0  0
GUTIERREZ ACHURY DIEGO CAMILO    NaN  A  A  A  A  ...  0  1   0  3  0
GUTIERREZ RAMIREZ JUAN SEBASTIAN NaN  A  A  A  A  ...  1  2   3  1  0
HERNANDEZ CALDERON ALEX ESNEIDER NaN  B  B  A  B  ...  2  2   1  0  0
HERRERA LOPEZ SANTIAGO           NaN  B  B  A  B  ...  1  0   2  0  0
IBARRA ARCILA XIANA MANUELA      NaN  B  B  A  A  ...  0  0   0  0  0
IBARRA ARCILA YELIXA VALENTINA   NaN  B  B  A  A  ...  0  0   0  0  0
ISAZA GALEANO GILDEER LEANDRO    NaN  A  B  B  B  ...  0  0   0  0  0
MARTINEZ SALGADO YUL BRANDON     NaN  A  A  A  B  ...  0  0   0  0  0
MELO SOTO SANTIAGO               NaN  A  B  A  A  ...  0  0   0  0  0
MERA LOPEZ LAURA JAZMIN          NaN  B  B  B  B  ...  4  0   1  0  0
MORENO COTRINO VALERIA           NaN  B  B  A  B  ...  0  0   1  0  0
MUÑOZ RONDON MARIANGEL           NaN  A  B  B  B  ...  0  0   5  0  0
MUÑOZ RUEDA HANA KARINA          NaN  A  B  A  A  ...  0  1   0  0  0
OCAMPO MONTOYA JHOJAN DAVID      NaN  A  B  B  B  ...  0  0   0  0  0
OLAYA MONCADA BRANDON CAMILO     NaN  A  B  A  B  ...  2  4   0  0  0
OSPINA GUTIERREZ KATERIN NICOL   NaN  B  B  A  B  ...  0  0   0  0  0
OTALORA ANDRADE EIDER YULIAN     NaN  B  B  A  B  ...  0  1   2  0  0
PARRA LEON KAROL DAHIANA         NaN  A  B  B  B  ...  0  0   5  1  0
POLO CRIADO DANIELA              NaN  A  B  A  A  ...  0  0   4  1  0
QUICENO ROJAS DANNA GISELL       NaN  A  B  A  A  ...  0  0   0  0  0
QUIÑONEZ GIRALDO DANNA ISABELLA  NaN  A  B  B  B  ...  0  0   0  0  0
RENDON PARDO JHONIER             NaN  A  B  B  B  ...  0  0   0  0  0
REYES GONZALEZ LOREN YULIETH     NaN  A  B  A  A  ...  0  0   1  0  0
REYES GONZALEZ SHARIK LICET      NaN  A  B  A  A  ...  0  0   0  0  0
SAENZ VEGA JUAN FELIPE           NaN  A  B  A  A  ...  0  0   0  0  0
SANABRIA GRAJALES EDWAR ANDREY   NaN  A  B  B  B  ...  0  0   0  1  0
SUAREZ CASTAÑO NICOLL VALERIA    NaN  A  B  B  B  ...  0  0   0  1  0
TRUJILLO CAMPOS JHOAN STIVEN     NaN  B  B  B  B  ...  0  1   0  1  0
WU RESTREPO DAVID JIAN CHENG     NaN  B  B  A  B  ...  1  1   1  0  0
ZAMUDIO VEGA NICOLL MISHELL      NaN  A  B  A  B  ...  0  0   7  0  0

[41 rows x 24 columns]
